[main] INFO  org.springframework.web.servlet.DispatcherServlet  - Initializing Servlet 'dispatcher'
[main] INFO  org.springframework.context.support.PostProcessorRegistrationDelegate$BeanPostProcessorChecker  - Bean 'myWebMVCConfig' of type [org.cap.config.MyWebMVCConfig$$EnhancerBySpringCGLIB$$f15d1d1d] is not eligible for getting processed by all BeanPostProcessors (for example: not eligible for auto-proxying)
[MLog-Init-Reporter] INFO  com.mchange.v2.log.MLog  - MLog clients using slf4j logging.
[main] INFO  com.mchange.v2.c3p0.C3P0Registry  - Initializing c3p0-0.9.5.2 [built 08-December-2015 22:06:04 -0800; debug? true; trace: 10]
[main] INFO  org.hibernate.jpa.internal.util.LogHelper  - HHH000204: Processing PersistenceUnitInfo [
	name: default
	...]
[main] INFO  org.hibernate.Version  - HHH000412: Hibernate Core {5.3.10.Final}
[main] INFO  org.hibernate.cfg.Environment  - HHH000206: hibernate.properties not found
[main] INFO  org.hibernate.annotations.common.Version  - HCANN000001: Hibernate Commons Annotations {5.0.4.Final}
[main] INFO  com.mchange.v2.c3p0.impl.AbstractPoolBackedDataSource  - Initializing c3p0 pool... com.mchange.v2.c3p0.ComboPooledDataSource [ acquireIncrement -> 3, acquireRetryAttempts -> 30, acquireRetryDelay -> 1000, autoCommitOnClose -> false, automaticTestTable -> null, breakAfterAcquireFailure -> false, checkoutTimeout -> 0, connectionCustomizerClassName -> null, connectionTesterClassName -> com.mchange.v2.c3p0.impl.DefaultConnectionTester, contextClassLoaderSource -> caller, dataSourceName -> 1hge9eaa911twhak13bwk9q|7c5ac0, debugUnreturnedConnectionStackTraces -> false, description -> null, driverClass -> oracle.jdbc.driver.OracleDriver, extensions -> {}, factoryClassLocation -> null, forceIgnoreUnresolvedTransactions -> false, forceSynchronousCheckins -> false, forceUseNamedDriverClass -> false, identityToken -> 1hge9eaa911twhak13bwk9q|7c5ac0, idleConnectionTestPeriod -> 0, initialPoolSize -> 3, jdbcUrl -> jdbc:oracle:thin:@localhost:1521:xe, maxAdministrativeTaskTime -> 0, maxConnectionAge -> 0, maxIdleTime -> 0, maxIdleTimeExcessConnections -> 0, maxPoolSize -> 15, maxStatements -> 0, maxStatementsPerConnection -> 0, minPoolSize -> 3, numHelperThreads -> 3, preferredTestQuery -> null, privilegeSpawnedThreads -> false, properties -> {password=******, user=******}, propertyCycle -> 0, statementCacheNumDeferredCloseThreads -> 0, testConnectionOnCheckin -> false, testConnectionOnCheckout -> false, unreturnedConnectionTimeout -> 0, userOverrides -> {}, usesTraditionalReflectiveProxies -> false ]
[main] INFO  org.hibernate.dialect.Dialect  - HHH000400: Using dialect: org.hibernate.dialect.Oracle10gDialect
[main] INFO  org.hibernate.validator.internal.util.Version  - HV000001: Hibernate Validator 5.3.2.Final
[main] INFO  org.springframework.orm.jpa.LocalContainerEntityManagerFactoryBean  - Initialized JPA EntityManagerFactory for persistence unit 'default'
[main] INFO  org.springframework.web.servlet.DispatcherServlet  - Completed initialization in 16042 ms
[PathWatcher@50c20b15] INFO  org.springframework.orm.jpa.LocalContainerEntityManagerFactoryBean  - Closing JPA EntityManagerFactory for persistence unit 'default'
[PathWatcher@50c20b15] INFO  org.springframework.web.servlet.DispatcherServlet  - Initializing Servlet 'dispatcher'
[PathWatcher@50c20b15] INFO  org.springframework.context.support.PostProcessorRegistrationDelegate$BeanPostProcessorChecker  - Bean 'myWebMVCConfig' of type [org.cap.config.MyWebMVCConfig$$EnhancerBySpringCGLIB$$8bf380b4] is not eligible for getting processed by all BeanPostProcessors (for example: not eligible for auto-proxying)
[MLog-Init-Reporter] INFO  com.mchange.v2.log.MLog  - MLog clients using slf4j logging.
[PathWatcher@50c20b15] INFO  com.mchange.v2.c3p0.C3P0Registry  - Initializing c3p0-0.9.5.2 [built 08-December-2015 22:06:04 -0800; debug? true; trace: 10]
[PathWatcher@50c20b15] INFO  org.hibernate.jpa.internal.util.LogHelper  - HHH000204: Processing PersistenceUnitInfo [
	name: default
	...]
[PathWatcher@50c20b15] INFO  org.hibernate.Version  - HHH000412: Hibernate Core {5.3.10.Final}
[PathWatcher@50c20b15] INFO  org.hibernate.cfg.Environment  - HHH000206: hibernate.properties not found
[PathWatcher@50c20b15] INFO  org.hibernate.annotations.common.Version  - HCANN000001: Hibernate Commons Annotations {5.0.4.Final}
[PathWatcher@50c20b15] INFO  com.mchange.v2.c3p0.impl.AbstractPoolBackedDataSource  - Initializing c3p0 pool... com.mchange.v2.c3p0.ComboPooledDataSource [ acquireIncrement -> 3, acquireRetryAttempts -> 30, acquireRetryDelay -> 1000, autoCommitOnClose -> false, automaticTestTable -> null, breakAfterAcquireFailure -> false, checkoutTimeout -> 0, connectionCustomizerClassName -> null, connectionTesterClassName -> com.mchange.v2.c3p0.impl.DefaultConnectionTester, contextClassLoaderSource -> caller, dataSourceName -> 1hge9eaa911ty6qp59ja18|4a355d20, debugUnreturnedConnectionStackTraces -> false, description -> null, driverClass -> oracle.jdbc.driver.OracleDriver, extensions -> {}, factoryClassLocation -> null, forceIgnoreUnresolvedTransactions -> false, forceSynchronousCheckins -> false, forceUseNamedDriverClass -> false, identityToken -> 1hge9eaa911ty6qp59ja18|4a355d20, idleConnectionTestPeriod -> 0, initialPoolSize -> 3, jdbcUrl -> jdbc:oracle:thin:@localhost:1521:xe, maxAdministrativeTaskTime -> 0, maxConnectionAge -> 0, maxIdleTime -> 0, maxIdleTimeExcessConnections -> 0, maxPoolSize -> 15, maxStatements -> 0, maxStatementsPerConnection -> 0, minPoolSize -> 3, numHelperThreads -> 3, preferredTestQuery -> null, privilegeSpawnedThreads -> false, properties -> {password=******, user=******}, propertyCycle -> 0, statementCacheNumDeferredCloseThreads -> 0, testConnectionOnCheckin -> false, testConnectionOnCheckout -> false, unreturnedConnectionTimeout -> 0, userOverrides -> {}, usesTraditionalReflectiveProxies -> false ]
[PathWatcher@50c20b15] INFO  org.hibernate.dialect.Dialect  - HHH000400: Using dialect: org.hibernate.dialect.Oracle10gDialect
[PathWatcher@50c20b15] INFO  org.hibernate.validator.internal.util.Version  - HV000001: Hibernate Validator 5.3.2.Final
[PathWatcher@50c20b15] INFO  org.springframework.orm.jpa.LocalContainerEntityManagerFactoryBean  - Initialized JPA EntityManagerFactory for persistence unit 'default'
[PathWatcher@50c20b15] INFO  org.springframework.web.servlet.DispatcherServlet  - Completed initialization in 15002 ms
[qtp2098413495-21] WARN  org.springframework.web.servlet.PageNotFound  - No mapping for GET /favicon.ico
[PathWatcher@50c20b15] INFO  org.springframework.orm.jpa.LocalContainerEntityManagerFactoryBean  - Closing JPA EntityManagerFactory for persistence unit 'default'
[PathWatcher@50c20b15] INFO  org.springframework.web.servlet.DispatcherServlet  - Initializing Servlet 'dispatcher'
[PathWatcher@50c20b15] INFO  org.springframework.context.support.PostProcessorRegistrationDelegate$BeanPostProcessorChecker  - Bean 'myWebMVCConfig' of type [org.cap.config.MyWebMVCConfig$$EnhancerBySpringCGLIB$$205d4182] is not eligible for getting processed by all BeanPostProcessors (for example: not eligible for auto-proxying)
[MLog-Init-Reporter] INFO  com.mchange.v2.log.MLog  - MLog clients using slf4j logging.
[PathWatcher@50c20b15] INFO  com.mchange.v2.c3p0.C3P0Registry  - Initializing c3p0-0.9.5.2 [built 08-December-2015 22:06:04 -0800; debug? true; trace: 10]
[PathWatcher@50c20b15] INFO  org.hibernate.jpa.internal.util.LogHelper  - HHH000204: Processing PersistenceUnitInfo [
	name: default
	...]
[PathWatcher@50c20b15] INFO  org.hibernate.Version  - HHH000412: Hibernate Core {5.3.10.Final}
[PathWatcher@50c20b15] INFO  org.hibernate.cfg.Environment  - HHH000206: hibernate.properties not found
[PathWatcher@50c20b15] INFO  org.hibernate.annotations.common.Version  - HCANN000001: Hibernate Commons Annotations {5.0.4.Final}
[PathWatcher@50c20b15] INFO  com.mchange.v2.c3p0.impl.AbstractPoolBackedDataSource  - Initializing c3p0 pool... com.mchange.v2.c3p0.ComboPooledDataSource [ acquireIncrement -> 3, acquireRetryAttempts -> 30, acquireRetryDelay -> 1000, autoCommitOnClose -> false, automaticTestTable -> null, breakAfterAcquireFailure -> false, checkoutTimeout -> 0, connectionCustomizerClassName -> null, connectionTesterClassName -> com.mchange.v2.c3p0.impl.DefaultConnectionTester, contextClassLoaderSource -> caller, dataSourceName -> 1hge9eaa911u0fx21bd6xhh|232885fe, debugUnreturnedConnectionStackTraces -> false, description -> null, driverClass -> oracle.jdbc.driver.OracleDriver, extensions -> {}, factoryClassLocation -> null, forceIgnoreUnresolvedTransactions -> false, forceSynchronousCheckins -> false, forceUseNamedDriverClass -> false, identityToken -> 1hge9eaa911u0fx21bd6xhh|232885fe, idleConnectionTestPeriod -> 0, initialPoolSize -> 3, jdbcUrl -> jdbc:oracle:thin:@localhost:1521:xe, maxAdministrativeTaskTime -> 0, maxConnectionAge -> 0, maxIdleTime -> 0, maxIdleTimeExcessConnections -> 0, maxPoolSize -> 15, maxStatements -> 0, maxStatementsPerConnection -> 0, minPoolSize -> 3, numHelperThreads -> 3, preferredTestQuery -> null, privilegeSpawnedThreads -> false, properties -> {password=******, user=******}, propertyCycle -> 0, statementCacheNumDeferredCloseThreads -> 0, testConnectionOnCheckin -> false, testConnectionOnCheckout -> false, unreturnedConnectionTimeout -> 0, userOverrides -> {}, usesTraditionalReflectiveProxies -> false ]
[PathWatcher@50c20b15] INFO  org.hibernate.dialect.Dialect  - HHH000400: Using dialect: org.hibernate.dialect.Oracle10gDialect
[PathWatcher@50c20b15] INFO  org.hibernate.validator.internal.util.Version  - HV000001: Hibernate Validator 5.3.2.Final
[PathWatcher@50c20b15] INFO  org.springframework.orm.jpa.LocalContainerEntityManagerFactoryBean  - Initialized JPA EntityManagerFactory for persistence unit 'default'
[PathWatcher@50c20b15] INFO  org.springframework.web.servlet.DispatcherServlet  - Completed initialization in 11421 ms
[PathWatcher@50c20b15] INFO  org.springframework.orm.jpa.LocalContainerEntityManagerFactoryBean  - Closing JPA EntityManagerFactory for persistence unit 'default'
[PathWatcher@50c20b15] INFO  org.springframework.web.servlet.DispatcherServlet  - Initializing Servlet 'dispatcher'
[PathWatcher@50c20b15] INFO  org.springframework.context.support.PostProcessorRegistrationDelegate$BeanPostProcessorChecker  - Bean 'myWebMVCConfig' of type [org.cap.config.MyWebMVCConfig$$EnhancerBySpringCGLIB$$b12e7598] is not eligible for getting processed by all BeanPostProcessors (for example: not eligible for auto-proxying)
[MLog-Init-Reporter] INFO  com.mchange.v2.log.MLog  - MLog clients using slf4j logging.
[PathWatcher@50c20b15] INFO  com.mchange.v2.c3p0.C3P0Registry  - Initializing c3p0-0.9.5.2 [built 08-December-2015 22:06:04 -0800; debug? true; trace: 10]
[PathWatcher@50c20b15] INFO  org.hibernate.jpa.internal.util.LogHelper  - HHH000204: Processing PersistenceUnitInfo [
	name: default
	...]
[PathWatcher@50c20b15] INFO  org.hibernate.Version  - HHH000412: Hibernate Core {5.3.10.Final}
[PathWatcher@50c20b15] INFO  org.hibernate.cfg.Environment  - HHH000206: hibernate.properties not found
[PathWatcher@50c20b15] INFO  org.hibernate.annotations.common.Version  - HCANN000001: Hibernate Commons Annotations {5.0.4.Final}
[PathWatcher@50c20b15] INFO  com.mchange.v2.c3p0.impl.AbstractPoolBackedDataSource  - Initializing c3p0 pool... com.mchange.v2.c3p0.ComboPooledDataSource [ acquireIncrement -> 3, acquireRetryAttempts -> 30, acquireRetryDelay -> 1000, autoCommitOnClose -> false, automaticTestTable -> null, breakAfterAcquireFailure -> false, checkoutTimeout -> 0, connectionCustomizerClassName -> null, connectionTesterClassName -> com.mchange.v2.c3p0.impl.DefaultConnectionTester, contextClassLoaderSource -> caller, dataSourceName -> 1hge9eaa911u2pxnl2ef3l|735d101, debugUnreturnedConnectionStackTraces -> false, description -> null, driverClass -> oracle.jdbc.driver.OracleDriver, extensions -> {}, factoryClassLocation -> null, forceIgnoreUnresolvedTransactions -> false, forceSynchronousCheckins -> false, forceUseNamedDriverClass -> false, identityToken -> 1hge9eaa911u2pxnl2ef3l|735d101, idleConnectionTestPeriod -> 0, initialPoolSize -> 3, jdbcUrl -> jdbc:oracle:thin:@localhost:1521:xe, maxAdministrativeTaskTime -> 0, maxConnectionAge -> 0, maxIdleTime -> 0, maxIdleTimeExcessConnections -> 0, maxPoolSize -> 15, maxStatements -> 0, maxStatementsPerConnection -> 0, minPoolSize -> 3, numHelperThreads -> 3, preferredTestQuery -> null, privilegeSpawnedThreads -> false, properties -> {password=******, user=******}, propertyCycle -> 0, statementCacheNumDeferredCloseThreads -> 0, testConnectionOnCheckin -> false, testConnectionOnCheckout -> false, unreturnedConnectionTimeout -> 0, userOverrides -> {}, usesTraditionalReflectiveProxies -> false ]
[PathWatcher@50c20b15] INFO  org.hibernate.dialect.Dialect  - HHH000400: Using dialect: org.hibernate.dialect.Oracle10gDialect
[PathWatcher@50c20b15] INFO  org.hibernate.validator.internal.util.Version  - HV000001: Hibernate Validator 5.3.2.Final
[PathWatcher@50c20b15] INFO  org.springframework.orm.jpa.LocalContainerEntityManagerFactoryBean  - Initialized JPA EntityManagerFactory for persistence unit 'default'
[PathWatcher@50c20b15] INFO  org.springframework.web.servlet.DispatcherServlet  - Completed initialization in 16031 ms
[qtp2098413495-44] INFO  org.hibernate.hql.internal.QueryTranslatorFactoryInitiator  - HHH000397: Using ASTQueryTranslatorFactory
